Arguments: 
  /home/megaboy/.nvm/versions/node/v12.10.0/bin/node /mnt/c/Program Files (x86)/Yarn/bin/yarn.js add @types/react-navigation-stack

PATH: 
  /home/megaboy/.opam/4.02.3/bin:/home/megaboy/.npm-global/bin:/home/megaboy/.npm-global/bin:/home/megaboy/.nvm/versions/node/v12.10.0/bin:/usr/local/sbin:/usr/local/bin:/usr/sbin:/usr/bin:/sbin:/bin:/usr/games:/usr/local/games:/mnt/c/Python27:/mnt/c/Python27/Scripts:/mnt/c/ProgramData/DockerDesktop/version-bin:/mnt/c/Program Files/Docker/Docker/resources/bin:/mnt/c/Program Files (x86)/Common Files/Intel/Shared Libraries/redist/intel64/compiler:/mnt/c/Program Files (x86)/Common Files/Oracle/Java/javapath_target_3379625:/mnt/c/Program Files (x86)/Intel/Intel(R) Management Engine Components/iCLS:/mnt/c/Program Files/Intel/Intel(R) Management Engine Components/iCLS:/mnt/c/Windows/System32:/mnt/c/Windows:/mnt/c/Windows/System32/wbem:/mnt/c/Windows/System32/WindowsPowerShell/v1.0:/mnt/c/Windows/System32/OpenSSH:/mnt/c/Program Files (x86)/Intel/Intel(R) Management Engine Components/DAL:/mnt/c/Program Files/Intel/Intel(R) Management Engine Components/DAL:/mnt/c/Program Files (x86)/Intel/Intel(R) Management Engine Components/IPT:/mnt/c/Program Files/Intel/Intel(R) Management Engine Components/IPT:/mnt/c/Program Files/Git/cmd:/mnt/c/Users/Megaboy/Documents/flutter/bin:/mnt/c/Users/Megaboy/AppData/Roaming/nvm:/mnt/c/Users/Megaboy/AppData/Roaming/nvm/v10.16.3:/mnt/c/Program Files (x86)/Yarn/bin:/mnt/c/ProgramData/chocolatey/bin:/mnt/c/Program Files/Java/jdk1.8.0_221/bin:/mnt/c/Python27:/mnt/c/Python27/Scripts:/mnt/c/ProgramData/DockerDesktop/version-bin:/mnt/c/Program Files/Docker/Docker/resources/bin:/mnt/c/Program Files (x86)/Common Files/Intel/Shared Libraries/redist/intel64/compiler:/mnt/c/Program Files (x86)/Common Files/Oracle/Java/javapath_target_3379625:/mnt/c/Program Files (x86)/Intel/Intel(R) Management Engine Components/iCLS:/mnt/c/Program Files/Intel/Intel(R) Management Engine Components/iCLS:/mnt/c/Windows/System32:/mnt/c/Windows:/mnt/c/Windows/System32/wbem:/mnt/c/Windows/System32/WindowsPowerShell/v1.0:/mnt/c/Windows/System32/OpenSSH:/mnt/c/Program Files (x86)/Intel/Intel(R) Management Engine Components/DAL:/mnt/c/Program Files/Intel/Intel(R) Management Engine Components/DAL:/mnt/c/Program Files (x86)/Intel/Intel(R) Management Engine Components/IPT:/mnt/c/Program Files/Intel/Intel(R) Management Engine Components/IPT:/mnt/c/Program Files/Git/cmd:/mnt/c/Users/Megaboy/Documents/flutter/bin:/mnt/c/Users/Megaboy/AppData/Roaming/nvm:/mnt/c/Users/Megaboy/AppData/Roaming/nvm/v10.16.3:/mnt/c/Program Files (x86)/Yarn/bin:/mnt/c/ProgramData/chocolatey/bin:/mnt/c/Program Files/Java/jdk1.8.0_221/bin:/mnt/c/Users/Megaboy/AppData/Local/watchman:/mnt/c/Users/Megaboy/AppData/Local/Programs/Microsoft VS Code/bin:/mnt/c/Program Files/Lando/bin:/mnt/c/Users/Megaboy/AppData/Roaming/nvm:/mnt/c/Users/Megaboy/AppData/Roaming/nvm/v10.16.3:/mnt/c/Users/Megaboy/AppData/Local/Yarn/bin:/mnt/c/Users/Megaboy/AppData/Local/Google/Cloud SDK/google-cloud-sdk/bin:/snap/bin

Yarn version: 
  1.17.3

Node version: 
  12.10.0

Platform: 
  linux x64

Trace: 
  Error: https://registry.yarnpkg.com/@types%2freact-navigation-stack: Not found
      at Request.params.callback [as _callback] (/mnt/c/Program Files (x86)/Yarn/lib/cli.js:65939:18)
      at Request.self.callback (/mnt/c/Program Files (x86)/Yarn/lib/cli.js:140464:22)
      at Request.emit (events.js:209:13)
      at Request.<anonymous> (/mnt/c/Program Files (x86)/Yarn/lib/cli.js:141436:10)
      at Request.emit (events.js:209:13)
      at IncomingMessage.<anonymous> (/mnt/c/Program Files (x86)/Yarn/lib/cli.js:141358:12)
      at Object.onceWrapper (events.js:298:28)
      at IncomingMessage.emit (events.js:214:15)
      at endReadableNT (_stream_readable.js:1178:12)
      at processTicksAndRejections (internal/process/task_queues.js:80:21)

npm manifest: 
  {
    "dependencies": {
      "@types/react-navigation": "^3.0.8"
    }
  }

yarn manifest: 
  No manifest

Lockfile: 
  # THIS IS AN AUTOGENERATED FILE. DO NOT EDIT THIS FILE DIRECTLY.
  # yarn lockfile v1
  
  
  "@types/prop-types@*":
    version "15.7.3"
    resolved "https://registry.yarnpkg.com/@types/prop-types/-/prop-types-15.7.3.tgz#2ab0d5da2e5815f94b0b9d4b95d1e5f243ab2ca7"
    integrity sha512-KfRL3PuHmqQLOG+2tGpRO26Ctg+Cq1E01D2DMriKEATHgWLfeNDmq9e29Q9WIky0dQ3NPkd1mzYH8Lm936Z9qw==
  
  "@types/react-native@*":
    version "0.60.21"
    resolved "https://registry.yarnpkg.com/@types/react-native/-/react-native-0.60.21.tgz#81a41cae7b232f52ab3983d854f4a0b0df79531e"
    integrity sha512-E7F+P/UG4Utu+kh8Hy544i0m4CzpHw1awNX6hVfkhlu4mXSlAn6KLZzKEkPBbHm7g1kspmZTiuP23HAKZpASPw==
    dependencies:
      "@types/prop-types" "*"
      "@types/react" "*"
  
  "@types/react-navigation@^3.0.8":
    version "3.0.8"
    resolved "https://registry.yarnpkg.com/@types/react-navigation/-/react-navigation-3.0.8.tgz#770d5217a4795fe8526e2a69cc6ccb8600c911e4"
    integrity sha512-r8UQvBmOz7XjPE8AHTHh0SThGqModhQtSsntkmob7rczhueJIqDwBOgsEn54SJa25XzD/KBlelAWeVZ7+Ggm8A==
    dependencies:
      "@types/react" "*"
      "@types/react-native" "*"
  
  "@types/react@*":
    version "16.9.11"
    resolved "https://registry.yarnpkg.com/@types/react/-/react-16.9.11.tgz#70e0b7ad79058a7842f25ccf2999807076ada120"
    integrity sha512-UBT4GZ3PokTXSWmdgC/GeCGEJXE5ofWyibCcecRLUVN2ZBpXQGVgQGtG2foS7CrTKFKlQVVswLvf7Js6XA/CVQ==
    dependencies:
      "@types/prop-types" "*"
      csstype "^2.2.0"
  
  csstype@^2.2.0:
    version "2.6.7"
    resolved "https://registry.yarnpkg.com/csstype/-/csstype-2.6.7.tgz#20b0024c20b6718f4eda3853a1f5a1cce7f5e4a5"
    integrity sha512-9Mcn9sFbGBAdmimWb2gLVDtFJzeKtDGIr76TUqmjZrw9LFXBMSU70lcs+C0/7fyCd6iBDqmksUcCOUIkisPHsQ==
